<!DOCTYPE html PUBLIC "-//W3C//DTD XHTML 1.1//EN" "https://www.w3.org/TR/xhtml11/DTD/xhtml11.dtd">
<html xmlns="https://www.w3.org/1999/xhtml">
<head>
<meta http-equiv="content-type" content="text/html; charset=UTF-8"/>
<title>TestNG Report</title>
<style type="text/css">table {margin-bottom:10px;border-collapse:collapse;empty-cells:show}th,td {border:1px solid #009;padding:.25em .5em}th {vertical-align:bottom}td {vertical-align:top}table a {font-weight:bold}.stripe td {background-color: #E6EBF9}.num {text-align:right}.passedodd td {background-color: #3F3}.passedeven td {background-color: #0A0}.skippedodd td {background-color: #DDD}.skippedeven td {background-color: #CCC}.failedodd td,.attn {background-color: #F33}.failedeven td,.stripe .attn {background-color: #D00}.stacktrace {white-space:pre;font-family:monospace}.totop {font-size:85%;text-align:center;border-bottom:2px solid #000}.invisible {display:none}</style>
</head>
<body>
<table>
<tr><th>Test</th><th># Passed</th><th># Skipped</th><th># Retried</th><th># Failed</th><th>Time (ms)</th><th>Included Groups</th><th>Excluded Groups</th></tr>
<tr><th colspan="8">Leap Automation</th></tr>
<tr><td><a href="#t0">Duplicate Retailers Merge</a></td><td class="num">7</td><td class="num">0</td><td class="num">0</td><td class="num attn">3</td><td class="num">50,430</td><td></td><td></td></tr>
</table>
<table id='summary'><thead><tr><th>Class</th><th>Method</th><th>Start</th><th>Time (ms)</th></tr></thead><tbody><tr><th colspan="4">Leap Automation</th></tr></tbody><tbody id="t0"><tr><th colspan="4">Duplicate Retailers Merge &#8212; failed</th></tr><tr class="failedeven"><td rowspan="3">TestCases.DuplicateRetailersMerge</td><td><a href="#m0">MergeDuplicateRetailer1</a></td><td rowspan="1">1673525957970</td><td rowspan="1">5371</td></tr><tr class="failedeven"><td><a href="#m1">SearchuplicateRetailersList</a></td><td rowspan="1">1673525966808</td><td rowspan="1">6046</td></tr><tr class="failedeven"><td><a href="#m2">searchUnVerifiedRetailers</a></td><td rowspan="1">1673525972889</td><td rowspan="1">5739</td></tr><tr><th colspan="4">Duplicate Retailers Merge &#8212; passed</th></tr><tr class="passedeven"><td rowspan="3">TestCases.CreateSecondaryOrder</td><td><a href="#m3">createSecondaryOrder</a></td><td rowspan="1">1673525978650</td><td rowspan="1">14287</td></tr><tr class="passedeven"><td><a href="#m4">holdtheOrder</a></td><td rowspan="1">1673525995103</td><td rowspan="1">8122</td></tr><tr class="passedeven"><td><a href="#m5">invoicePrintGST</a></td><td rowspan="1">1673525992954</td><td rowspan="1">2148</td></tr><tr class="passedodd"><td rowspan="4">TestCases.DuplicateRetailersMerge</td><td><a href="#m6">LoginasSO</a></td><td rowspan="1">1673525952854</td><td rowspan="1">5103</td></tr><tr class="passedodd"><td><a href="#m7">OpenduplicateRetailerMergePage</a></td><td rowspan="1">1673525963354</td><td rowspan="1">3452</td></tr><tr class="passedodd"><td><a href="#m8">duplicateRetailersListDisplay</a></td><td rowspan="1">1673525972856</td><td rowspan="1">32</td></tr><tr class="passedodd"><td><a href="#m9">selectRetailertoEditasDuplicateRetailer</a></td><td rowspan="1">1673525978632</td><td rowspan="1">16</td></tr></tbody>
</table>
<h2>Duplicate Retailers Merge</h2><h3 id="m0">TestCases.DuplicateRetailersMerge#MergeDuplicateRetailer1</h3><table class="result"><tr><th>Exception</th></tr><tr><td><div class="stacktrace">org.openqa.selenium.TimeoutException: Expected condition failed: waiting for visibility of Proxy element for: DefaultElementLocator &apos;By.xpath: //div[@id=&apos;RetailerMergePopup&apos;]//div[@class=&apos;modal-content&apos;]&apos; (tried for 5 second(s) with 500 milliseconds interval)
	at org.openqa.selenium.support.ui.WebDriverWait.timeoutException(WebDriverWait.java:87)
	at org.openqa.selenium.support.ui.FluentWait.until(FluentWait.java:231)
	at AbstractComponents.Abstractcomponents.waitForAnElementToAppear(Abstractcomponents.java:26)
	at PageObjects.DuplicateRetailerMergePage.MergeRetailer1details(DuplicateRetailerMergePage.java:151)
	at TestCases.DuplicateRetailersMerge.MergeDuplicateRetailer1(DuplicateRetailersMerge.java:87)
	at java.base/java.util.ArrayList.forEach(ArrayList.java:1511)
Caused by: org.openqa.selenium.NoSuchElementException: no such element: Unable to locate element: {&quot;method&quot;:&quot;xpath&quot;,&quot;selector&quot;:&quot;//div[@id=&apos;RetailerMergePopup&apos;]//div[@class=&apos;modal-content&apos;]&quot;}
  (Session info: chrome=108.0.5359.126)
For documentation on this error, please visit: https://selenium.dev/exceptions/#no_such_element
Build info: version: &apos;4.6.0&apos;, revision: &apos;79f1c02ae20&apos;
System info: os.name: &apos;Windows 10&apos;, os.arch: &apos;amd64&apos;, os.version: &apos;10.0&apos;, java.version: &apos;17.0.1&apos;
Driver info: org.openqa.selenium.chrome.ChromeDriver
Command: [b65b09f3fdf063fadd450c85dae0d2d9, findElement {using=xpath, value=//div[@id=&apos;RetailerMergePopup&apos;]//div[@class=&apos;modal-content&apos;]}]
Capabilities {acceptInsecureCerts: false, browserName: chrome, browserVersion: 108.0.5359.126, chrome: {chromedriverVersion: 108.0.5359.71 (1e0e3868ee06..., userDataDir: C:\Users\TP_USER\AppData\Lo...}, goog:chromeOptions: {debuggerAddress: localhost:62147}, networkConnectionEnabled: false, pageLoadStrategy: normal, platformName: WINDOWS, proxy: Proxy(), se:cdp: ws://localhost:62147/devtoo..., se:cdpVersion: 108.0.5359.126, setWindowRect: true, strictFileInteractability: false, timeouts: {implicit: 0, pageLoad: 300000, script: 30000}, unhandledPromptBehavior: dismiss and notify, webauthn:extension:credBlob: true, webauthn:extension:largeBlob: true, webauthn:virtualAuthenticators: true}
Session ID: b65b09f3fdf063fadd450c85dae0d2d9
	at org.openqa.selenium.remote.codec.w3c.W3CHttpResponseCodec.createException(W3CHttpResponseCodec.java:200)
	at org.openqa.selenium.remote.codec.w3c.W3CHttpResponseCodec.decode(W3CHttpResponseCodec.java:133)
	at org.openqa.selenium.remote.codec.w3c.W3CHttpResponseCodec.decode(W3CHttpResponseCodec.java:53)
	at org.openqa.selenium.remote.HttpCommandExecutor.execute(HttpCommandExecutor.java:184)
	at org.openqa.selenium.remote.service.DriverCommandExecutor.invokeExecute(DriverCommandExecutor.java:167)
	at org.openqa.selenium.remote.service.DriverCommandExecutor.execute(DriverCommandExecutor.java:142)
	at org.openqa.selenium.remote.RemoteWebDriver.execute(RemoteWebDriver.java:541)
	at org.openqa.selenium.remote.ElementLocation$ElementFinder$2.findElement(ElementLocation.java:162)
	at org.openqa.selenium.remote.ElementLocation.findElement(ElementLocation.java:60)
	at org.openqa.selenium.remote.RemoteWebDriver.findElement(RemoteWebDriver.java:365)
	at org.openqa.selenium.remote.RemoteWebDriver.findElement(RemoteWebDriver.java:357)
	at org.openqa.selenium.support.pagefactory.DefaultElementLocator.findElement(DefaultElementLocator.java:70)
	at org.openqa.selenium.support.pagefactory.internal.LocatingElementHandler.invoke(LocatingElementHandler.java:39)
	at jdk.proxy2/jdk.proxy2.$Proxy14.isDisplayed(Unknown Source)
	at org.openqa.selenium.support.ui.ExpectedConditions.elementIfVisible(ExpectedConditions.java:307)
	at org.openqa.selenium.support.ui.ExpectedConditions.access$000(ExpectedConditions.java:40)
	at org.openqa.selenium.support.ui.ExpectedConditions$10.apply(ExpectedConditions.java:293)
	at org.openqa.selenium.support.ui.ExpectedConditions$10.apply(ExpectedConditions.java:290)
	at org.openqa.selenium.support.ui.FluentWait.until(FluentWait.java:208)
	... 31 more
... Removed 32 stack frames</div></td></tr></table><p class="totop"><a href="#summary">back to summary</a></p>
<h3 id="m1">TestCases.DuplicateRetailersMerge#SearchuplicateRetailersList</h3><table class="result"><tr><th>Exception</th></tr><tr><td><div class="stacktrace">org.openqa.selenium.TimeoutException: Expected condition failed: waiting for visibility of [[ChromeDriver: chrome on WINDOWS (b65b09f3fdf063fadd450c85dae0d2d9)] -&gt; xpath: //label[normalize-space()=&apos;Select all&apos;]] (tried for 5 second(s) with 500 milliseconds interval)
Build info: version: &apos;4.6.0&apos;, revision: &apos;79f1c02ae20&apos;
System info: os.name: &apos;Windows 10&apos;, os.arch: &apos;amd64&apos;, os.version: &apos;10.0&apos;, java.version: &apos;17.0.1&apos;
Driver info: org.openqa.selenium.chrome.ChromeDriver
Capabilities {acceptInsecureCerts: false, browserName: chrome, browserVersion: 108.0.5359.126, chrome: {chromedriverVersion: 108.0.5359.71 (1e0e3868ee06..., userDataDir: C:\Users\TP_USER\AppData\Lo...}, goog:chromeOptions: {debuggerAddress: localhost:62147}, networkConnectionEnabled: false, pageLoadStrategy: normal, platformName: WINDOWS, proxy: Proxy(), se:cdp: ws://localhost:62147/devtoo..., se:cdpVersion: 108.0.5359.126, setWindowRect: true, strictFileInteractability: false, timeouts: {implicit: 0, pageLoad: 300000, script: 30000}, unhandledPromptBehavior: dismiss and notify, webauthn:extension:credBlob: true, webauthn:extension:largeBlob: true, webauthn:virtualAuthenticators: true}
Session ID: b65b09f3fdf063fadd450c85dae0d2d9
	at org.openqa.selenium.support.ui.WebDriverWait.timeoutException(WebDriverWait.java:87)
	at org.openqa.selenium.support.ui.FluentWait.until(FluentWait.java:231)
	at AbstractComponents.Abstractcomponents.waitForAnElementToAppear(Abstractcomponents.java:26)
	at PageObjects.DuplicateRetailerMergePage.searchDuplicateRetailers(DuplicateRetailerMergePage.java:70)
	at TestCases.DuplicateRetailersMerge.SearchuplicateRetailersList(DuplicateRetailersMerge.java:49)
	at java.base/java.util.ArrayList.forEach(ArrayList.java:1511)
... Removed 27 stack frames</div></td></tr></table><p class="totop"><a href="#summary">back to summary</a></p>
<h3 id="m2">TestCases.DuplicateRetailersMerge#searchUnVerifiedRetailers</h3><table class="result"><tr><th>Exception</th></tr><tr><td><div class="stacktrace">org.openqa.selenium.TimeoutException: Expected condition failed: waiting for visibility of [[ChromeDriver: chrome on WINDOWS (b65b09f3fdf063fadd450c85dae0d2d9)] -&gt; xpath: //label[normalize-space()=&apos;Select all&apos;]] (tried for 5 second(s) with 500 milliseconds interval)
Build info: version: &apos;4.6.0&apos;, revision: &apos;79f1c02ae20&apos;
System info: os.name: &apos;Windows 10&apos;, os.arch: &apos;amd64&apos;, os.version: &apos;10.0&apos;, java.version: &apos;17.0.1&apos;
Driver info: org.openqa.selenium.chrome.ChromeDriver
Capabilities {acceptInsecureCerts: false, browserName: chrome, browserVersion: 108.0.5359.126, chrome: {chromedriverVersion: 108.0.5359.71 (1e0e3868ee06..., userDataDir: C:\Users\TP_USER\AppData\Lo...}, goog:chromeOptions: {debuggerAddress: localhost:62147}, networkConnectionEnabled: false, pageLoadStrategy: normal, platformName: WINDOWS, proxy: Proxy(), se:cdp: ws://localhost:62147/devtoo..., se:cdpVersion: 108.0.5359.126, setWindowRect: true, strictFileInteractability: false, timeouts: {implicit: 0, pageLoad: 300000, script: 30000}, unhandledPromptBehavior: dismiss and notify, webauthn:extension:credBlob: true, webauthn:extension:largeBlob: true, webauthn:virtualAuthenticators: true}
Session ID: b65b09f3fdf063fadd450c85dae0d2d9
	at org.openqa.selenium.support.ui.WebDriverWait.timeoutException(WebDriverWait.java:87)
	at org.openqa.selenium.support.ui.FluentWait.until(FluentWait.java:231)
	at AbstractComponents.Abstractcomponents.waitForAnElementToAppear(Abstractcomponents.java:26)
	at PageObjects.DuplicateRetailerMergePage.searchDuplicateRetailers(DuplicateRetailerMergePage.java:70)
	at TestCases.DuplicateRetailersMerge.searchUnVerifiedRetailers(DuplicateRetailersMerge.java:68)
	at java.base/java.util.ArrayList.forEach(ArrayList.java:1511)
... Removed 27 stack frames</div></td></tr></table><p class="totop"><a href="#summary">back to summary</a></p>
<h3 id="m3">TestCases.CreateSecondaryOrder#createSecondaryOrder</h3><table class="result"><tr><th class="invisible"/></tr></table><p class="totop"><a href="#summary">back to summary</a></p>
<h3 id="m4">TestCases.CreateSecondaryOrder#holdtheOrder</h3><table class="result"><tr><th class="invisible"/></tr></table><p class="totop"><a href="#summary">back to summary</a></p>
<h3 id="m5">TestCases.CreateSecondaryOrder#invoicePrintGST</h3><table class="result"><tr><th class="invisible"/></tr></table><p class="totop"><a href="#summary">back to summary</a></p>
<h3 id="m6">TestCases.DuplicateRetailersMerge#LoginasSO</h3><table class="result"><tr><th class="invisible"/></tr></table><p class="totop"><a href="#summary">back to summary</a></p>
<h3 id="m7">TestCases.DuplicateRetailersMerge#OpenduplicateRetailerMergePage</h3><table class="result"><tr><th class="invisible"/></tr></table><p class="totop"><a href="#summary">back to summary</a></p>
<h3 id="m8">TestCases.DuplicateRetailersMerge#duplicateRetailersListDisplay</h3><table class="result"><tr><th class="invisible"/></tr></table><p class="totop"><a href="#summary">back to summary</a></p>
<h3 id="m9">TestCases.DuplicateRetailersMerge#selectRetailertoEditasDuplicateRetailer</h3><table class="result"><tr><th class="invisible"/></tr></table><p class="totop"><a href="#summary">back to summary</a></p>
</body>
</html>
